{"C:\\Users\\Otavio Augusto\\Desktop\\Ganho de Capital\\tax-calculator\\src\\application\\tax-calculator.js": {"path":"C:\\Users\\Otavio Augusto\\Desktop\\Ganho de Capital\\tax-calculator\\src\\application\\tax-calculator.js","all":false,"statementMap":{"0":{"start":{"line":1,"column":0},"end":{"line":1,"column":56}},"1":{"start":{"line":2,"column":0},"end":{"line":2,"column":65}},"2":{"start":{"line":3,"column":0},"end":{"line":3,"column":69}},"3":{"start":{"line":4,"column":0},"end":{"line":4,"column":4}},"4":{"start":{"line":5,"column":0},"end":{"line":5,"column":2}}},"s":{"0":1,"1":1,"2":1,"3":1,"4":1},"branchMap":{"0":{"type":"branch","line":1,"loc":{"start":{"line":1,"column":17},"end":{"line":5,"column":2}},"locations":[{"start":{"line":1,"column":17},"end":{"line":5,"column":2}}]},"1":{"type":"branch","line":2,"loc":{"start":{"line":2,"column":9},"end":{"line":4,"column":3}},"locations":[{"start":{"line":2,"column":9},"end":{"line":4,"column":3}}]}},"b":{"0":[1],"1":[1]},"fnMap":{"0":{"name":"taxCalculator","decl":{"start":{"line":1,"column":17},"end":{"line":5,"column":2}},"loc":{"start":{"line":1,"column":17},"end":{"line":5,"column":2}},"line":1}},"f":{"0":1}}
}
