TN:
SF:src\operations\buyHandler.js
FN:3,buyHandler
FNF:1
FNH:1
FNDA:3,buyHandler
DA:1,1
DA:2,1
DA:3,1
DA:4,3
DA:5,3
DA:6,3
DA:7,3
DA:8,3
DA:9,3
DA:10,3
DA:11,3
LF:11
LH:11
BRDA:3,0,0,3
BRF:1
BRH:1
end_of_record
TN:
SF:src\operations\sellHandler.js
FN:3,sellHandler
FNF:1
FNH:1
FNDA:2,sellHandler
DA:1,1
DA:2,1
DA:3,1
DA:4,2
DA:5,2
DA:6,2
DA:7,2
DA:8,2
DA:9,1
DA:10,1
DA:11,2
DA:12,2
DA:13,2
DA:14,2
DA:15,2
DA:16,2
LF:16
LH:16
BRDA:3,0,0,2
BRDA:8,1,0,1
BRF:2
BRH:2
end_of_record
TN:
SF:src\utils\calculator.js
FN:1,avgPriceCalculator
FN:5,taxCalculator
FN:16,profitCalculator
FNF:3
FNH:3
FNDA:3,avgPriceCalculator
FNDA:2,taxCalculator
FNDA:2,profitCalculator
DA:1,3
DA:2,3
DA:3,3
DA:4,1
DA:5,2
DA:6,2
DA:7,2
DA:8,2
DA:9,2
DA:10,1
DA:11,1
DA:12,1
DA:13,1
DA:14,1
DA:15,1
DA:16,2
DA:17,2
DA:18,2
DA:19,1
DA:20,1
DA:21,1
DA:22,1
DA:23,1
DA:24,1
LF:24
LH:24
BRDA:1,0,0,3
BRDA:5,1,0,2
BRDA:9,2,0,1
BRDA:16,3,0,2
BRF:4
BRH:4
end_of_record
